(---------------------------------------------------------------------)
(                                                                     )
(    DRC Update                                                       )
(                                                                     )
(    Drawing          : SCHEMA_1.brd                                  )
(    Software Version : 17.2S025                                      )
(    Date/Time        : Wed Jan 07 13:57:32 2026                      )
(                                                                     )
(---------------------------------------------------------------------)


 ========= check       0 shapes                       0:00:00
 ========= check       0 standalone pins              0:00:00
 ========= check       6 symbols (pins,lines,text)    0:00:00
 ========= check       0 xnets                        0:00:00
 ========= check       0 nets                         0:00:00
 ========= check       0 standalone branches          0:00:00
 ========= check       0 standalone filled rectangles 0:00:00
 ========= check       0 standalone lines             0:00:00
 ========= check       0 standalone text              0:00:00
 ========= check       0 standalone rectangles        0:00:00

 ..... Total number of DRC errors  0

 ..... DRC update completed, total CPU time   0:00:00
 *************************************************************************

